<?xml version="1.0" encoding="UTF-8"?>
<!-- Generated by org.testng.reporters.JUnitXMLReporter -->
<testsuite ignored="0" hostname="DESKTOP-KLQVVIN" failures="0" tests="4" name="Default test" time="21.098" errors="0" timestamp="2024-12-13T21:38:50 IST">
  <testcase classname="com.TestCases.HomePageTestClass" name="testSignUp" time="4.574"/>
  <testcase classname="com.TestCases.HomePageTestClass" name="testLogin" time="2.427"/>
  <testcase classname="com.TestCases.HomePageTestClass" name="testsamsungPhone" time="7.019"/>
  <testcase classname="com.TestCases.HomePageTestClass" name="testClickCart" time="3.699"/>
</testsuite> <!-- Default test -->
