<?xml version="1.0" encoding="UTF-8"?>
<!-- Generated by org.testng.reporters.JUnitXMLReporter -->
<testsuite ignored="0" hostname="DESKTOP-KLQVVIN" failures="0" tests="4" name="Test1" time="22.865" errors="0" timestamp="2024-12-13T22:26:33 IST">
  <testcase classname="com.TestCases.HomePageTestClass" name="testSignUp" time="4.571"/>
  <testcase classname="com.TestCases.HomePageTestClass" name="testLogin" time="2.438"/>
  <testcase classname="com.TestCases.HomePageTestClass" name="testsamsungPhone" time="7.098"/>
  <testcase classname="com.TestCases.HomePageTestClass" name="testClickCart" time="3.68"/>
</testsuite> <!-- Test1 -->
