<?xml version="1.0" encoding="UTF-8"?>
<testng-results ignored="0" total="4" passed="4" failed="0" skipped="0">
  <reporter-output>
  </reporter-output>
  <suite started-at="2024-12-13T22:26:10 IST" name="Suite" finished-at="2024-12-13T22:26:32 IST" duration-ms="22865">
    <groups>
    </groups>
    <test started-at="2024-12-13T22:26:10 IST" name="Test1" finished-at="2024-12-13T22:26:32 IST" duration-ms="22865">
      <class name="com.TestCases.HomePageTestClass">
        <test-method is-config="true" signature="setUp()[pri:0, instance:com.TestCases.HomePageTestClass@2b662a77]" started-at="2024-12-13T22:26:10 IST" name="setUp" finished-at="2024-12-13T22:26:15 IST" duration-ms="5018" status="PASS">
          <reporter-output>
          </reporter-output>
        </test-method> <!-- setUp -->
        <test-method signature="testSignUp()[pri:1, instance:com.TestCases.HomePageTestClass@2b662a77]" started-at="2024-12-13T22:26:15 IST" name="testSignUp" finished-at="2024-12-13T22:26:19 IST" duration-ms="4571" status="PASS">
          <reporter-output>
          </reporter-output>
        </test-method> <!-- testSignUp -->
        <test-method signature="testLogin()[pri:2, instance:com.TestCases.HomePageTestClass@2b662a77]" started-at="2024-12-13T22:26:19 IST" name="testLogin" finished-at="2024-12-13T22:26:22 IST" duration-ms="2438" status="PASS">
          <reporter-output>
          </reporter-output>
        </test-method> <!-- testLogin -->
        <test-method signature="testsamsungPhone()[pri:3, instance:com.TestCases.HomePageTestClass@2b662a77]" started-at="2024-12-13T22:26:22 IST" name="testsamsungPhone" finished-at="2024-12-13T22:26:29 IST" duration-ms="7098" status="PASS">
          <reporter-output>
          </reporter-output>
        </test-method> <!-- testsamsungPhone -->
        <test-method signature="testClickCart()[pri:4, instance:com.TestCases.HomePageTestClass@2b662a77]" started-at="2024-12-13T22:26:29 IST" name="testClickCart" finished-at="2024-12-13T22:26:32 IST" duration-ms="3680" status="PASS">
          <reporter-output>
          </reporter-output>
        </test-method> <!-- testClickCart -->
        <test-method is-config="true" signature="tearDown()[pri:0, instance:com.TestCases.HomePageTestClass@2b662a77]" started-at="2024-12-13T22:26:32 IST" name="tearDown" finished-at="2024-12-13T22:26:32 IST" duration-ms="1" status="PASS">
          <reporter-output>
          </reporter-output>
        </test-method> <!-- tearDown -->
      </class> <!-- com.TestCases.HomePageTestClass -->
    </test> <!-- Test1 -->
  </suite> <!-- Suite -->
</testng-results>
